This is pdfTeX, Version 3.141592653-2.6-1.40.24 (MiKTeX 22.3) (preloaded format=pdflatex 2022.5.16)  5 JUL 2022 15:24
entering extended mode
 restricted \write18 enabled.
 file:line:error style messages enabled.
 %&-line parsing enabled.
**c:/Users/enriq/OneDrive/Escritorio/LatexVSCGit/main.tex
(c:/Users/enriq/OneDrive/Escritorio/LatexVSCGit/main.tex
LaTeX2e <2021-11-15> patch level 1
L3 programming layer <2022-05-04> (D:\MikText\Nueva carpeta\tex/latex/base\article.cls
Document Class: article 2021/10/04 v1.4n Standard LaTeX document class
(D:\MikText\Nueva carpeta\tex/latex/base\size10.clo
File: size10.clo 2021/10/04 v1.4n Standard LaTeX file (size option)
)
\c@part=\count185
\c@section=\count186
\c@subsection=\count187
\c@subsubsection=\count188
\c@paragraph=\count189
\c@subparagraph=\count190
\c@figure=\count191
\c@table=\count192
\abovecaptionskip=\skip47
\belowcaptionskip=\skip48
\bibindent=\dimen138
) (D:\MikText\Nueva carpeta\tex/latex/base\inputenc.sty
Package: inputenc 2021/02/14 v1.3d Input encoding file
\inpenc@prehook=\toks16
\inpenc@posthook=\toks17
) (D:\MikText\Nueva carpeta\tex/latex/pgf/frontendlayer\tikz.sty (D:\MikText\Nueva carpeta\tex/latex/pgf/basiclayer\pgf.sty (D:\MikText\Nueva carpeta\tex/latex/pgf/utilities\pgfrcs.sty (D:\MikText\Nueva carpeta\tex/generic/pgf/utilities\pgfutil-common.tex
\pgfutil@everybye=\toks18
\pgfutil@tempdima=\dimen139
\pgfutil@tempdimb=\dimen140
 (D:\MikText\Nueva carpeta\tex/generic/pgf/utilities\pgfutil-common-lists.tex)) (D:\MikText\Nueva carpeta\tex/generic/pgf/utilities\pgfutil-latex.def
\pgfutil@abb=\box50
) (D:\MikText\Nueva carpeta\tex/generic/pgf/utilities\pgfrcs.code.tex (D:\MikText\Nueva carpeta\tex/generic/pgf\pgf.revision.tex)
Package: pgfrcs 2021/05/15 v3.1.9a (3.1.9a)
))
Package: pgf 2021/05/15 v3.1.9a (3.1.9a)
 (D:\MikText\Nueva carpeta\tex/latex/pgf/basiclayer\pgfcore.sty (D:\MikText\Nueva carpeta\tex/latex/graphics\graphicx.sty
Package: graphicx 2021/09/16 v1.2d Enhanced LaTeX Graphics (DPC,SPQR)
 (D:\MikText\Nueva carpeta\tex/latex/graphics\keyval.sty
Package: keyval 2014/10/28 v1.15 key=value parser (DPC)
\KV@toks@=\toks19
) (D:\MikText\Nueva carpeta\tex/latex/graphics\graphics.sty
Package: graphics 2021/03/04 v1.4d Standard LaTeX Graphics (DPC,SPQR)
 (D:\MikText\Nueva carpeta\tex/latex/graphics\trig.sty
Package: trig 2021/08/11 v1.11 sin cos tan (DPC)
) (D:\MikText\Nueva carpeta\tex/latex/graphics-cfg\graphics.cfg
File: graphics.cfg 2016/06/04 v1.11 sample graphics configuration
)
Package graphics Info: Driver file: pdftex.def on input line 107.
 (D:\MikText\Nueva carpeta\tex/latex/graphics-def\pdftex.def
File: pdftex.def 2020/10/05 v1.2a Graphics/color driver for pdftex
))
\Gin@req@height=\dimen141
\Gin@req@width=\dimen142
) (D:\MikText\Nueva carpeta\tex/latex/pgf/systemlayer\pgfsys.sty (D:\MikText\Nueva carpeta\tex/generic/pgf/systemlayer\pgfsys.code.tex
Package: pgfsys 2021/05/15 v3.1.9a (3.1.9a)
 (D:\MikText\Nueva carpeta\tex/generic/pgf/utilities\pgfkeys.code.tex
\pgfkeys@pathtoks=\toks20
\pgfkeys@temptoks=\toks21
 (D:\MikText\Nueva carpeta\tex/generic/pgf/utilities\pgfkeysfiltered.code.tex
\pgfkeys@tmptoks=\toks22
))
\pgf@x=\dimen143
\pgf@y=\dimen144
\pgf@xa=\dimen145
\pgf@ya=\dimen146
\pgf@xb=\dimen147
\pgf@yb=\dimen148
\pgf@xc=\dimen149
\pgf@yc=\dimen150
\pgf@xd=\dimen151
\pgf@yd=\dimen152
\w@pgf@writea=\write3
\r@pgf@reada=\read2
\c@pgf@counta=\count193
\c@pgf@countb=\count194
\c@pgf@countc=\count195
\c@pgf@countd=\count196
\t@pgf@toka=\toks23
\t@pgf@tokb=\toks24
\t@pgf@tokc=\toks25
\pgf@sys@id@count=\count197
 (D:\MikText\Nueva carpeta\tex/generic/pgf/systemlayer\pgf.cfg
File: pgf.cfg 2021/05/15 v3.1.9a (3.1.9a)
)
Driver file for pgf: pgfsys-pdftex.def
 (D:\MikText\Nueva carpeta\tex/generic/pgf/systemlayer\pgfsys-pdftex.def
File: pgfsys-pdftex.def 2021/05/15 v3.1.9a (3.1.9a)
 (D:\MikText\Nueva carpeta\tex/generic/pgf/systemlayer\pgfsys-common-pdf.def
File: pgfsys-common-pdf.def 2021/05/15 v3.1.9a (3.1.9a)
))) (D:\MikText\Nueva carpeta\tex/generic/pgf/systemlayer\pgfsyssoftpath.code.tex
File: pgfsyssoftpath.code.tex 2021/05/15 v3.1.9a (3.1.9a)
\pgfsyssoftpath@smallbuffer@items=\count198
\pgfsyssoftpath@bigbuffer@items=\count199
) (D:\MikText\Nueva carpeta\tex/generic/pgf/systemlayer\pgfsysprotocol.code.tex
File: pgfsysprotocol.code.tex 2021/05/15 v3.1.9a (3.1.9a)
)) (D:\MikText\Nueva carpeta\tex/latex/xcolor\xcolor.sty
Package: xcolor 2021/10/31 v2.13 LaTeX color extensions (UK)
 (D:\MikText\Nueva carpeta\tex/latex/graphics-cfg\color.cfg
File: color.cfg 2016/01/02 v1.6 sample color configuration
)
Package xcolor Info: Driver file: pdftex.def on input line 227.
Package xcolor Info: Model `cmy' substituted by `cmy0' on input line 1352.
Package xcolor Info: Model `hsb' substituted by `rgb' on input line 1356.
Package xcolor Info: Model `RGB' extended on input line 1368.
Package xcolor Info: Model `HTML' substituted by `rgb' on input line 1370.
Package xcolor Info: Model `Hsb' substituted by `hsb' on input line 1371.
Package xcolor Info: Model `tHsb' substituted by `hsb' on input line 1372.
Package xcolor Info: Model `HSB' substituted by `hsb' on input line 1373.
Package xcolor Info: Model `Gray' substituted by `gray' on input line 1374.
Package xcolor Info: Model `wave' substituted by `hsb' on input line 1375.
) (D:\MikText\Nueva carpeta\tex/generic/pgf/basiclayer\pgfcore.code.tex
Package: pgfcore 2021/05/15 v3.1.9a (3.1.9a)
 (D:\MikText\Nueva carpeta\tex/generic/pgf/math\pgfmath.code.tex (D:\MikText\Nueva carpeta\tex/generic/pgf/math\pgfmathcalc.code.tex (D:\MikText\Nueva carpeta\tex/generic/pgf/math\pgfmathutil.code.tex) (D:\MikText\Nueva carpeta\tex/generic/pgf/math\pgfmathparser.code.tex
\pgfmath@dimen=\dimen153
\pgfmath@count=\count266
\pgfmath@box=\box51
\pgfmath@toks=\toks26
\pgfmath@stack@operand=\toks27
\pgfmath@stack@operation=\toks28
) (D:\MikText\Nueva carpeta\tex/generic/pgf/math\pgfmathfunctions.code.tex (D:\MikText\Nueva carpeta\tex/generic/pgf/math\pgfmathfunctions.basic.code.tex) (D:\MikText\Nueva carpeta\tex/generic/pgf/math\pgfmathfunctions.trigonometric.code.tex) (D:\MikText\Nueva carpeta\tex/generic/pgf/math\pgfmathfunctions.random.code.tex) (D:\MikText\Nueva carpeta\tex/generic/pgf/math\pgfmathfunctions.comparison.code.tex) (D:\MikText\Nueva carpeta\tex/generic/pgf/math\pgfmathfunctions.base.code.tex) (D:\MikText\Nueva carpeta\tex/generic/pgf/math\pgfmathfunctions.round.code.tex) (D:\MikText\Nueva carpeta\tex/generic/pgf/math\pgfmathfunctions.misc.code.tex) (D:\MikText\Nueva carpeta\tex/generic/pgf/math\pgfmathfunctions.integerarithmetics.code.tex))) (D:\MikText\Nueva carpeta\tex/generic/pgf/math\pgfmathfloat.code.tex
\c@pgfmathroundto@lastzeros=\count267
)) (D:\MikText\Nueva carpeta\tex/generic/pgf/math\pgfint.code.tex) (D:\MikText\Nueva carpeta\tex/generic/pgf/basiclayer\pgfcorepoints.code.tex
File: pgfcorepoints.code.tex 2021/05/15 v3.1.9a (3.1.9a)
\pgf@picminx=\dimen154
\pgf@picmaxx=\dimen155
\pgf@picminy=\dimen156
\pgf@picmaxy=\dimen157
\pgf@pathminx=\dimen158
\pgf@pathmaxx=\dimen159
\pgf@pathminy=\dimen160
\pgf@pathmaxy=\dimen161
\pgf@xx=\dimen162
\pgf@xy=\dimen163
\pgf@yx=\dimen164
\pgf@yy=\dimen165
\pgf@zx=\dimen166
\pgf@zy=\dimen167
) (D:\MikText\Nueva carpeta\tex/generic/pgf/basiclayer\pgfcorepathconstruct.code.tex
File: pgfcorepathconstruct.code.tex 2021/05/15 v3.1.9a (3.1.9a)
\pgf@path@lastx=\dimen168
\pgf@path@lasty=\dimen169
) (D:\MikText\Nueva carpeta\tex/generic/pgf/basiclayer\pgfcorepathusage.code.tex
File: pgfcorepathusage.code.tex 2021/05/15 v3.1.9a (3.1.9a)
\pgf@shorten@end@additional=\dimen170
\pgf@shorten@start@additional=\dimen171
) (D:\MikText\Nueva carpeta\tex/generic/pgf/basiclayer\pgfcorescopes.code.tex
File: pgfcorescopes.code.tex 2021/05/15 v3.1.9a (3.1.9a)
\pgfpic=\box52
\pgf@hbox=\box53
\pgf@layerbox@main=\box54
\pgf@picture@serial@count=\count268
) (D:\MikText\Nueva carpeta\tex/generic/pgf/basiclayer\pgfcoregraphicstate.code.tex
File: pgfcoregraphicstate.code.tex 2021/05/15 v3.1.9a (3.1.9a)
\pgflinewidth=\dimen172
) (D:\MikText\Nueva carpeta\tex/generic/pgf/basiclayer\pgfcoretransformations.code.tex
File: pgfcoretransformations.code.tex 2021/05/15 v3.1.9a (3.1.9a)
\pgf@pt@x=\dimen173
\pgf@pt@y=\dimen174
\pgf@pt@temp=\dimen175
) (D:\MikText\Nueva carpeta\tex/generic/pgf/basiclayer\pgfcorequick.code.tex
File: pgfcorequick.code.tex 2021/05/15 v3.1.9a (3.1.9a)
) (D:\MikText\Nueva carpeta\tex/generic/pgf/basiclayer\pgfcoreobjects.code.tex
File: pgfcoreobjects.code.tex 2021/05/15 v3.1.9a (3.1.9a)
) (D:\MikText\Nueva carpeta\tex/generic/pgf/basiclayer\pgfcorepathprocessing.code.tex
File: pgfcorepathprocessing.code.tex 2021/05/15 v3.1.9a (3.1.9a)
) (D:\MikText\Nueva carpeta\tex/generic/pgf/basiclayer\pgfcorearrows.code.tex
File: pgfcorearrows.code.tex 2021/05/15 v3.1.9a (3.1.9a)
\pgfarrowsep=\dimen176
) (D:\MikText\Nueva carpeta\tex/generic/pgf/basiclayer\pgfcoreshade.code.tex
File: pgfcoreshade.code.tex 2021/05/15 v3.1.9a (3.1.9a)
\pgf@max=\dimen177
\pgf@sys@shading@range@num=\count269
\pgf@shadingcount=\count270
) (D:\MikText\Nueva carpeta\tex/generic/pgf/basiclayer\pgfcoreimage.code.tex
File: pgfcoreimage.code.tex 2021/05/15 v3.1.9a (3.1.9a)
 (D:\MikText\Nueva carpeta\tex/generic/pgf/basiclayer\pgfcoreexternal.code.tex
File: pgfcoreexternal.code.tex 2021/05/15 v3.1.9a (3.1.9a)
\pgfexternal@startupbox=\box55
)) (D:\MikText\Nueva carpeta\tex/generic/pgf/basiclayer\pgfcorelayers.code.tex
File: pgfcorelayers.code.tex 2021/05/15 v3.1.9a (3.1.9a)
) (D:\MikText\Nueva carpeta\tex/generic/pgf/basiclayer\pgfcoretransparency.code.tex
File: pgfcoretransparency.code.tex 2021/05/15 v3.1.9a (3.1.9a)
) (D:\MikText\Nueva carpeta\tex/generic/pgf/basiclayer\pgfcorepatterns.code.tex
File: pgfcorepatterns.code.tex 2021/05/15 v3.1.9a (3.1.9a)
) (D:\MikText\Nueva carpeta\tex/generic/pgf/basiclayer\pgfcorerdf.code.tex
File: pgfcorerdf.code.tex 2021/05/15 v3.1.9a (3.1.9a)
))) (D:\MikText\Nueva carpeta\tex/generic/pgf/modules\pgfmoduleshapes.code.tex
File: pgfmoduleshapes.code.tex 2021/05/15 v3.1.9a (3.1.9a)
\pgfnodeparttextbox=\box56
) (D:\MikText\Nueva carpeta\tex/generic/pgf/modules\pgfmoduleplot.code.tex
File: pgfmoduleplot.code.tex 2021/05/15 v3.1.9a (3.1.9a)
) (D:\MikText\Nueva carpeta\tex/latex/pgf/compatibility\pgfcomp-version-0-65.sty
Package: pgfcomp-version-0-65 2021/05/15 v3.1.9a (3.1.9a)
\pgf@nodesepstart=\dimen178
\pgf@nodesepend=\dimen179
) (D:\MikText\Nueva carpeta\tex/latex/pgf/compatibility\pgfcomp-version-1-18.sty
Package: pgfcomp-version-1-18 2021/05/15 v3.1.9a (3.1.9a)
)) (D:\MikText\Nueva carpeta\tex/latex/pgf/utilities\pgffor.sty (D:\MikText\Nueva carpeta\tex/latex/pgf/utilities\pgfkeys.sty (D:\MikText\Nueva carpeta\tex/generic/pgf/utilities\pgfkeys.code.tex)) (D:\MikText\Nueva carpeta\tex/latex/pgf/math\pgfmath.sty (D:\MikText\Nueva carpeta\tex/generic/pgf/math\pgfmath.code.tex)) (D:\MikText\Nueva carpeta\tex/generic/pgf/utilities\pgffor.code.tex
Package: pgffor 2021/05/15 v3.1.9a (3.1.9a)
 (D:\MikText\Nueva carpeta\tex/generic/pgf/math\pgfmath.code.tex)
\pgffor@iter=\dimen180
\pgffor@skip=\dimen181
\pgffor@stack=\toks29
\pgffor@toks=\toks30
)) (D:\MikText\Nueva carpeta\tex/generic/pgf/frontendlayer/tikz\tikz.code.tex
Package: tikz 2021/05/15 v3.1.9a (3.1.9a)
 (D:\MikText\Nueva carpeta\tex/generic/pgf/libraries\pgflibraryplothandlers.code.tex
File: pgflibraryplothandlers.code.tex 2021/05/15 v3.1.9a (3.1.9a)
\pgf@plot@mark@count=\count271
\pgfplotmarksize=\dimen182
)
\tikz@lastx=\dimen183
\tikz@lasty=\dimen184
\tikz@lastxsaved=\dimen185
\tikz@lastysaved=\dimen186
\tikz@lastmovetox=\dimen187
\tikz@lastmovetoy=\dimen188
\tikzleveldistance=\dimen189
\tikzsiblingdistance=\dimen190
\tikz@figbox=\box57
\tikz@figbox@bg=\box58
\tikz@tempbox=\box59
\tikz@tempbox@bg=\box60
\tikztreelevel=\count272
\tikznumberofchildren=\count273
\tikznumberofcurrentchild=\count274
\tikz@fig@count=\count275
 (D:\MikText\Nueva carpeta\tex/generic/pgf/modules\pgfmodulematrix.code.tex
File: pgfmodulematrix.code.tex 2021/05/15 v3.1.9a (3.1.9a)
\pgfmatrixcurrentrow=\count276
\pgfmatrixcurrentcolumn=\count277
\pgf@matrix@numberofcolumns=\count278
)
\tikz@expandcount=\count279
 (D:\MikText\Nueva carpeta\tex/generic/pgf/frontendlayer/tikz/libraries\tikzlibrarytopaths.code.tex
File: tikzlibrarytopaths.code.tex 2021/05/15 v3.1.9a (3.1.9a)
))) (D:\MikText\Nueva carpeta\tex/latex/pgfplots\pgfplots.sty (D:\MikText\Nueva carpeta\tex/generic/pgfplots\pgfplots.revision.tex)
Package: pgfplots 2021/05/15 v1.18.1 Data Visualization (1.18.1)
 (D:\MikText\Nueva carpeta\tex/generic/pgfplots\pgfplots.code.tex (D:\MikText\Nueva carpeta\tex/generic/pgfplots\pgfplotscore.code.tex
\t@pgfplots@toka=\toks31
\t@pgfplots@tokb=\toks32
\t@pgfplots@tokc=\toks33
\pgfplots@tmpa=\dimen191
\c@pgfplots@coordindex=\count280
\c@pgfplots@scanlineindex=\count281
 (D:\MikText\Nueva carpeta\tex/generic/pgfplots/sys\pgfplotssysgeneric.code.tex)) (D:\MikText\Nueva carpeta\tex/generic/pgfplots/libs\pgfplotslibrary.code.tex) (D:\MikText\Nueva carpeta\tex/generic/pgfplots/oldpgfcompatib\pgfplotsoldpgfsupp_loader.code.tex (D:\MikText\Nueva carpeta\tex/generic/pgf/libraries\pgflibraryfpu.code.tex)) (D:\MikText\Nueva carpeta\tex/generic/pgfplots/util\pgfplotsutil.code.tex (D:\MikText\Nueva carpeta\tex/generic/pgfplots/liststructure\pgfplotsliststructure.code.tex) (D:\MikText\Nueva carpeta\tex/generic/pgfplots/liststructure\pgfplotsliststructureext.code.tex) (D:\MikText\Nueva carpeta\tex/generic/pgfplots/liststructure\pgfplotsarray.code.tex
\c@pgfplotsarray@tmp=\count282
) (D:\MikText\Nueva carpeta\tex/generic/pgfplots/liststructure\pgfplotsmatrix.code.tex) (D:\MikText\Nueva carpeta\tex/generic/pgfplots/numtable\pgfplotstableshared.code.tex
\c@pgfplotstable@counta=\count283
\t@pgfplotstable@a=\toks34
) (D:\MikText\Nueva carpeta\tex/generic/pgfplots/liststructure\pgfplotsdeque.code.tex) (D:\MikText\Nueva carpeta\tex/generic/pgfplots/util\pgfplotsbinary.code.tex (D:\MikText\Nueva carpeta\tex/generic/pgfplots/util\pgfplotsbinary.data.code.tex)) (D:\MikText\Nueva carpeta\tex/generic/pgfplots/util\pgfplotsutil.verb.code.tex) (D:\MikText\Nueva carpeta\tex/generic/pgfplots/libs\pgflibrarypgfplots.surfshading.code.tex
\c@pgfplotslibrarysurf@no=\count284
 (D:\MikText\Nueva carpeta\tex/generic/pgfplots/sys\pgflibrarypgfplots.surfshading.pgfsys-pdftex.def))) (D:\MikText\Nueva carpeta\tex/generic/pgfplots/util\pgfplotscolormap.code.tex (D:\MikText\Nueva carpeta\tex/generic/pgfplots/util\pgfplotscolor.code.tex)) (D:\MikText\Nueva carpeta\tex/generic/pgfplots\pgfplotsstackedplots.code.tex) (D:\MikText\Nueva carpeta\tex/generic/pgfplots\pgfplotsplothandlers.code.tex (D:\MikText\Nueva carpeta\tex/generic/pgfplots\pgfplotsmeshplothandler.code.tex (D:\MikText\Nueva carpeta\tex/generic/pgfplots\pgfplotsmeshplotimage.code.tex))) (D:\MikText\Nueva carpeta\tex/generic/pgfplots\pgfplots.scaling.code.tex) (D:\MikText\Nueva carpeta\tex/generic/pgfplots\pgfplotscoordprocessing.code.tex) (D:\MikText\Nueva carpeta\tex/generic/pgfplots\pgfplots.errorbars.code.tex) (D:\MikText\Nueva carpeta\tex/generic/pgfplots\pgfplots.markers.code.tex) (D:\MikText\Nueva carpeta\tex/generic/pgfplots\pgfplotsticks.code.tex) (D:\MikText\Nueva carpeta\tex/generic/pgfplots\pgfplots.paths.code.tex) (D:\MikText\Nueva carpeta\tex/generic/pgf/frontendlayer/tikz/libraries\tikzlibrarydecorations.code.tex (D:\MikText\Nueva carpeta\tex/generic/pgf/modules\pgfmoduledecorations.code.tex
\pgfdecoratedcompleteddistance=\dimen192
\pgfdecoratedremainingdistance=\dimen193
\pgfdecoratedinputsegmentcompleteddistance=\dimen194
\pgfdecoratedinputsegmentremainingdistance=\dimen195
\pgf@decorate@distancetomove=\dimen196
\pgf@decorate@repeatstate=\count285
\pgfdecorationsegmentamplitude=\dimen197
\pgfdecorationsegmentlength=\dimen198
)
\tikz@lib@dec@box=\box61
) (D:\MikText\Nueva carpeta\tex/generic/pgf/frontendlayer/tikz/libraries\tikzlibrarydecorations.pathmorphing.code.tex (D:\MikText\Nueva carpeta\tex/generic/pgf/libraries/decorations\pgflibrarydecorations.pathmorphing.code.tex)) (D:\MikText\Nueva carpeta\tex/generic/pgf/frontendlayer/tikz/libraries\tikzlibrarydecorations.pathreplacing.code.tex (D:\MikText\Nueva carpeta\tex/generic/pgf/libraries/decorations\pgflibrarydecorations.pathreplacing.code.tex)) (D:\MikText\Nueva carpeta\tex/generic/pgfplots/libs\tikzlibrarypgfplots.contourlua.code.tex)
\pgfplots@numplots=\count286
\pgfplots@xmin@reg=\dimen199
\pgfplots@xmax@reg=\dimen256
\pgfplots@ymin@reg=\dimen257
\pgfplots@ymax@reg=\dimen258
\pgfplots@zmin@reg=\dimen259
\pgfplots@zmax@reg=\dimen260
) (D:\MikText\Nueva carpeta\tex/generic/pgf/frontendlayer/tikz/libraries\tikzlibraryplotmarks.code.tex
File: tikzlibraryplotmarks.code.tex 2021/05/15 v3.1.9a (3.1.9a)
 (D:\MikText\Nueva carpeta\tex/generic/pgf/libraries\pgflibraryplotmarks.code.tex
File: pgflibraryplotmarks.code.tex 2021/05/15 v3.1.9a (3.1.9a)
))) (D:\MikText\Nueva carpeta\tex/generic/babel\babel.sty
Package: babel 2022/04/30 3.74 The Babel package
\babel@savecnt=\count287
\U@D=\dimen261
\l@unhyphenated=\language79
 (D:\MikText\Nueva carpeta\tex/generic/babel\txtbabel.def)
\bbl@readstream=\read3
\bbl@dirlevel=\count288

*************************************
* Local config file bblopts.cfg used
*
(D:\MikText\Nueva carpeta\tex/latex/arabi\bblopts.cfg
File: bblopts.cfg 2005/09/08 v0.1 add Arabic and Farsi to "declared" options of babel
) (D:\MikText\Nueva carpeta\tex/latex/babel-spanish\spanish.ldf
Language: spanish.ldf 2021/05/27 v5.0q Spanish support from the babel system
\es@quottoks=\toks35
\es@quotdepth=\count289
Package babel Info: Making " an active character on input line 570.
Package babel Info: Making . an active character on input line 675.
Package babel Info: Making < an active character on input line 722.
Package babel Info: Making > an active character on input line 722.
)) (D:\MikText\Nueva carpeta\tex/latex/amsmath\amsmath.sty
Package: amsmath 2021/10/15 v2.17l AMS math features
\@mathmargin=\skip49

For additional information on amsmath, use the `?' option.
(D:\MikText\Nueva carpeta\tex/latex/amsmath\amstext.sty
Package: amstext 2021/08/26 v2.01 AMS text
 (D:\MikText\Nueva carpeta\tex/latex/amsmath\amsgen.sty
File: amsgen.sty 1999/11/30 v2.0 generic functions
\@emptytoks=\toks36
\ex@=\dimen262
)) (D:\MikText\Nueva carpeta\tex/latex/amsmath\amsbsy.sty
Package: amsbsy 1999/11/29 v1.2d Bold Symbols
\pmbraise@=\dimen263
) (D:\MikText\Nueva carpeta\tex/latex/amsmath\amsopn.sty
Package: amsopn 2021/08/26 v2.02 operator names
)
\inf@bad=\count290
LaTeX Info: Redefining \frac on input line 234.
\uproot@=\count291
\leftroot@=\count292
LaTeX Info: Redefining \overline on input line 399.
\classnum@=\count293
\DOTSCASE@=\count294
LaTeX Info: Redefining \ldots on input line 496.
LaTeX Info: Redefining \dots on input line 499.
LaTeX Info: Redefining \cdots on input line 620.
\Mathstrutbox@=\box62
\strutbox@=\box63
\big@size=\dimen264
LaTeX Font Info:    Redeclaring font encoding OML on input line 743.
LaTeX Font Info:    Redeclaring font encoding OMS on input line 744.
\macc@depth=\count295
\c@MaxMatrixCols=\count296
\dotsspace@=\muskip16
\c@parentequation=\count297
\dspbrk@lvl=\count298
\tag@help=\toks37
\row@=\count299
\column@=\count300
\maxfields@=\count301
\andhelp@=\toks38
\eqnshift@=\dimen265
\alignsep@=\dimen266
\tagshift@=\dimen267
\tagwidth@=\dimen268
\totwidth@=\dimen269
\lineht@=\dimen270
\@envbody=\toks39
\multlinegap=\skip50
\multlinetaggap=\skip51
\mathdisplay@stack=\toks40
LaTeX Info: Redefining \[ on input line 2938.
LaTeX Info: Redefining \] on input line 2939.
) (D:\MikText\Nueva carpeta\tex/latex/geometry\geometry.sty
Package: geometry 2020/01/02 v5.9 Page Geometry
 (D:\MikText\Nueva carpeta\tex/generic/iftex\ifvtex.sty
Package: ifvtex 2019/10/25 v1.7 ifvtex legacy package. Use iftex instead.
 (D:\MikText\Nueva carpeta\tex/generic/iftex\iftex.sty
Package: iftex 2022/02/03 v1.0f TeX engine tests
))
\Gm@cnth=\count302
\Gm@cntv=\count303
\c@Gm@tempcnt=\count304
\Gm@bindingoffset=\dimen271
\Gm@wd@mp=\dimen272
\Gm@odd@mp=\dimen273
\Gm@even@mp=\dimen274
\Gm@layoutwidth=\dimen275
\Gm@layoutheight=\dimen276
\Gm@layouthoffset=\dimen277
\Gm@layoutvoffset=\dimen278
\Gm@dimlist=\toks41
 (D:\MikText\Nueva carpeta\tex/latex/geometry\geometry.cfg)) (D:\MikText\Nueva carpeta\tex/latex/pgf-pie\pgf-pie.sty
Package: pgf-pie 2021/07/30 v0.6 Some LaTeX macros for pie chart by using PGF/Tikz package.
 (D:\MikText\Nueva carpeta\tex/latex/pgf-pie\tikzlibrarypie.code.tex (D:\MikText\Nueva carpeta\tex/latex/carlisle\scalefnt.sty)
\pgfpie@angleEnd=\dimen279
\pgfpie@explodeLength=\count305
\pgfpie@colorLength=\count306
\pgfpie@sliceLength=\count307
)) (D:\MikText\Nueva carpeta\tex/generic/pgf/frontendlayer/tikz/libraries\tikzlibrarypatterns.code.tex
File: tikzlibrarypatterns.code.tex 2021/05/15 v3.1.9a (3.1.9a)
 (D:\MikText\Nueva carpeta\tex/generic/pgf/libraries\pgflibrarypatterns.code.tex
File: pgflibrarypatterns.code.tex 2021/05/15 v3.1.9a (3.1.9a)
)) (D:\MikText\Nueva carpeta\tex/latex/tikz-3dplot\tikz-3dplot.sty (D:\MikText\Nueva carpeta\tex/latex/base\ifthen.sty
Package: ifthen 2020/11/24 v1.1c Standard LaTeX ifthen package (DPC)
) (D:\MikText\Nueva carpeta\tex/generic/pgf/frontendlayer/tikz/libraries\tikzlibrarycalc.code.tex
File: tikzlibrarycalc.code.tex 2021/05/15 v3.1.9a (3.1.9a)
) (D:\MikText\Nueva carpeta\tex/generic/pgf/frontendlayer/tikz/libraries\tikzlibrary3d.code.tex
File: tikzlibrary3d.code.tex 2021/05/15 v3.1.9a (3.1.9a)
) (D:\MikText\Nueva carpeta\tex/generic/pgf/frontendlayer/tikz/libraries\tikzlibraryarrows.code.tex
File: tikzlibraryarrows.code.tex 2021/05/15 v3.1.9a (3.1.9a)
 (D:\MikText\Nueva carpeta\tex/generic/pgf/libraries\pgflibraryarrows.code.tex
File: pgflibraryarrows.code.tex 2021/05/15 v3.1.9a (3.1.9a)
\arrowsize=\dimen280
))) (D:\MikText\Nueva carpeta\tex/generic/pgf/frontendlayer/tikz/libraries\tikzlibrarymath.code.tex (D:\MikText\Nueva carpeta\tex/generic/pgf/frontendlayer/tikz/libraries\tikzlibraryfpu.code.tex)
\tikz@math@for@depth=\count308
\tikz@math@dimen=\dimen281
\tikz@math@toks=\toks42
) (D:\MikText\Nueva carpeta\tex/generic/pgfplots/libs\tikzlibrarypgfplots.polar.code.tex) (D:\MikText\Nueva carpeta\tex/latex/l3backend\l3backend-pdftex.def
File: l3backend-pdftex.def 2022-04-20 L3 backend support: PDF output (pdfTeX)
\l__color_backend_stack_int=\count309
\l__pdf_internal_box=\box64
) (c:\Users\enriq\OneDrive\Escritorio\LatexVSCGit\build\main.aux)
\openout1 = `main.aux'.

LaTeX Font Info:    Checking defaults for OML/cmm/m/it on input line 28.
LaTeX Font Info:    ... okay on input line 28.
LaTeX Font Info:    Checking defaults for OMS/cmsy/m/n on input line 28.
LaTeX Font Info:    ... okay on input line 28.
LaTeX Font Info:    Checking defaults for OT1/cmr/m/n on input line 28.
LaTeX Font Info:    ... okay on input line 28.
LaTeX Font Info:    Checking defaults for T1/cmr/m/n on input line 28.
LaTeX Font Info:    ... okay on input line 28.
LaTeX Font Info:    Checking defaults for TS1/cmr/m/n on input line 28.
LaTeX Font Info:    ... okay on input line 28.
LaTeX Font Info:    Checking defaults for OMX/cmex/m/n on input line 28.
LaTeX Font Info:    ... okay on input line 28.
LaTeX Font Info:    Checking defaults for U/cmr/m/n on input line 28.
LaTeX Font Info:    ... okay on input line 28.
 (D:\MikText\Nueva carpeta\tex/context/base/mkii\supp-pdf.mkii
[Loading MPS to PDF converter (version 2006.09.02).]
\scratchcounter=\count310
\scratchdimen=\dimen282
\scratchbox=\box65
\nofMPsegments=\count311
\nofMParguments=\count312
\everyMPshowfont=\toks43
\MPscratchCnt=\count313
\MPscratchDim=\dimen283
\MPnumerator=\count314
\makeMPintoPDFobject=\count315
\everyMPtoPDFconversion=\toks44
) (D:\MikText\Nueva carpeta\tex/latex/epstopdf-pkg\epstopdf-base.sty
Package: epstopdf-base 2020-01-24 v2.11 Base part for package epstopdf
Package epstopdf-base Info: Redefining graphics rule for `.eps' on input line 485.
 (D:\MikText\Nueva carpeta\tex/latex/00miktex\epstopdf-sys.cfg
File: epstopdf-sys.cfg 2021/03/18 v2.0 Configuration of epstopdf for MiKTeX
))
Package pgfplots notification 'compat/show suggested version=true': you might benefit from \pgfplotsset{compat=1.18} (current compat level: 1.12).

LaTeX Info: Redefining \. on input line 28.
LaTeX Info: Redefining \% on input line 28.
*geometry* driver: auto-detecting
*geometry* detected driver: pdftex
*geometry* verbose mode - [ preamble ] result:
* driver: pdftex
* paper: <default>
* layout: <same size as paper>
* layoutoffset:(h,v)=(0.0pt,0.0pt)
* modes: 
* h-part:(L,W,R)=(92.14519pt, 430.00462pt, 92.14519pt)
* v-part:(T,H,B)=(28.45274pt, 671.11987pt, 95.39737pt)
* \paperwidth=614.295pt
* \paperheight=794.96999pt
* \textwidth=430.00462pt
* \textheight=671.11987pt
* \oddsidemargin=19.8752pt
* \evensidemargin=19.8752pt
* \topmargin=-80.81725pt
* \headheight=12.0pt
* \headsep=25.0pt
* \topskip=10.0pt
* \footskip=30.0pt
* \marginparwidth=65.0pt
* \marginparsep=11.0pt
* \columnsep=10.0pt
* \skip\footins=9.0pt plus 4.0pt minus 2.0pt
* \hoffset=0.0pt
* \voffset=0.0pt
* \mag=1000
* \@twocolumnfalse
* \@twosidefalse
* \@mparswitchfalse
* \@reversemarginfalse
* (1in=72.27pt=25.4mm, 1cm=28.453pt)


LaTeX Warning: No \author given.

No file main.toc.
\tf@toc=\write4
\openout4 = `main.toc'.

[1

{C:/Users/enriq/AppData/Local/MiKTeX/fonts/map/pdftex/pdftex.map}] [2] [3]

c:/Users/enriq/OneDrive/Escritorio/LatexVSCGit/main.tex:362: Package pgf Error: Unknown arrow tip kind 'Triangle'.

See the pgf package documentation for explanation.
Type  H <return>  for immediate help.
 ...                                              
                                                  
l.362 \end{axis}
                
This error message was generated by an \errmessage
command, so I can't give any explicit help.
Pretend that you're Hercule Poirot: Examine all clues,
and deduce the truth by order and method.

Missing character: There is no [ in font nullfont!
Missing character: There is no ] in font nullfont!
Missing character: There is no p in font nullfont!
Missing character: There is no g in font nullfont!
Missing character: There is no f in font nullfont!
Missing character: There is no @ in font nullfont!
Missing character: There is no s in font nullfont!
Missing character: There is no t in font nullfont!
Missing character: There is no o in font nullfont!
Missing character: There is no p in font nullfont!

c:/Users/enriq/OneDrive/Escritorio/LatexVSCGit/main.tex:362: Package pgf Error: Unknown arrow tip kind 'Triangle'.

See the pgf package documentation for explanation.
Type  H <return>  for immediate help.
 ...                                              
                                                  
l.362 \end{axis}
                
(That was another \errmessage.)

Missing character: There is no p in font nullfont!
Missing character: There is no g in font nullfont!
Missing character: There is no f in font nullfont!
Missing character: There is no @ in font nullfont!
Missing character: There is no s in font nullfont!
Missing character: There is no t in font nullfont!
Missing character: There is no o in font nullfont!
Missing character: There is no p in font nullfont!

c:/Users/enriq/OneDrive/Escritorio/LatexVSCGit/main.tex:362: Package pgf Error: Unknown arrow tip kind 'Triangle'.

See the pgf package documentation for explanation.
Type  H <return>  for immediate help.
 ...                                              
                                                  
l.362 \end{axis}
                
(That was another \errmessage.)

Missing character: There is no p in font nullfont!
Missing character: There is no g in font nullfont!
Missing character: There is no f in font nullfont!
Missing character: There is no @ in font nullfont!
Missing character: There is no s in font nullfont!
Missing character: There is no t in font nullfont!
Missing character: There is no o in font nullfont!
Missing character: There is no p in font nullfont!

Overfull \hbox (53.83267pt too wide) in paragraph at lines 363--364
 [][] 
 []


LaTeX Warning: `!h' float specifier changed to `!ht'.

[4] [5] [6] [7] (c:\Users\enriq\OneDrive\Escritorio\LatexVSCGit\build\main.aux
LaTeX Info: Redefining \. on input line 8.
LaTeX Info: Redefining \% on input line 8.
)

LaTeX Warning: Label(s) may have changed. Rerun to get cross-references right.

 ) 
Here is how much of TeX's memory you used:
 26914 strings out of 478614
 686417 string characters out of 2852468
 1260302 words of memory out of 3000000
 44662 multiletter control sequences out of 15000+600000
 474633 words of font info for 47 fonts, out of 8000000 for 9000
 1141 hyphenation exceptions out of 8191
 100i,19n,104p,774b,2293s stack positions out of 10000i,1000n,20000p,200000b,80000s
<D:/MikText/Nueva carpeta/fonts/type1/public/amsfonts/cm/cmbx12.pfb><D:/MikText/Nueva carpeta/fonts/type1/public/amsfonts/cm/cmmi10.pfb><D:/MikText/Nueva carpeta/fonts/type1/public/amsfonts/cm/cmmi7.pfb><D:/MikText/Nueva carpeta/fonts/type1/public/amsfonts/cm/cmr10.pfb><D:/MikText/Nueva carpeta/fonts/type1/public/amsfonts/cm/cmr12.pfb><D:/MikText/Nueva carpeta/fonts/type1/public/amsfonts/cm/cmr17.pfb><D:/MikText/Nueva carpeta/fonts/type1/public/amsfonts/cm/cmr7.pfb><D:/MikText/Nueva carpeta/fonts/type1/public/amsfonts/cm/cmsy10.pfb><D:/MikText/Nueva carpeta/fonts/type1/public/amsfonts/cm/cmsy7.pfb>
Output written on c:\Users\enriq\OneDrive\Escritorio\LatexVSCGit\build\main.pdf (7 pages, 143729 bytes).
PDF statistics:
 74 PDF objects out of 1000 (max. 8388607)
 0 named destinations out of 1000 (max. 500000)
 13 words of extra memory for PDF output out of 10000 (max. 10000000)

